C51 COMPILER V9.51   OS_DBG_R                                                              02/25/2015 10:39:15 PAGE 1   


C51 COMPILER V9.51, COMPILATION OF MODULE OS_DBG_R
OBJECT MODULE PLACED IN .\Output\os_dbg_r.obj
COMPILER INVOKED BY: D:\Keil\C51\BIN\C51.EXE Source\os_dbg_r.c BROWSE INCDIR(.\Source) DEBUG OBJECTEXTEND PRINT(.\List\o
                    -s_dbg_r.lst) TABS(2) OBJECT(.\Output\os_dbg_r.obj)

line level    source

   1          /*
   2          *********************************************************************************************************
   3          *                                                uC/OS-II
   4          *                                          The Real-Time Kernel
   5          *                                           DEBUGGER CONSTANTS
   6          *
   7          *                              (c) Copyright 1992-2009, Micrium, Weston, FL
   8          *                                           All Rights Reserved
   9          *
  10          * File    : OS_DBG.C
  11          * By      : Jean J. Labrosse
  12          * Version : V2.91
  13          *
  14          * LICENSING TERMS:
  15          * ---------------
  16          *   uC/OS-II is provided in source form for FREE evaluation, for educational use or for peaceful research.
             -  
  17          * If you plan on using  uC/OS-II  in a commercial product you need to contact Micriµm to properly license 
  18          * its use in your product. We provide ALL the source code for your convenience and to help you experience 
  19          * uC/OS-II.   The fact that the  source is provided does  NOT  mean that you can use it without  paying a 
  20          * licensing fee.
  21          *********************************************************************************************************
  22          */
  23          
  24          #include <ucos_ii.h>
*** WARNING C318 IN LINE 44 OF .\Source\ucos_ii.h: can't open file 'app_cfg.h'
*** WARNING C318 IN LINE 45 OF .\Source\ucos_ii.h: can't open file 'os_cfg.h'
*** WARNING C322 IN LINE 72 OF .\Source\ucos_ii.h: unknown identifier
*** WARNING C322 IN LINE 81 OF .\Source\ucos_ii.h: unknown identifier
*** WARNING C322 IN LINE 170 OF .\Source\ucos_ii.h: unknown identifier
*** WARNING C322 IN LINE 345 OF .\Source\ucos_ii.h: unknown identifier
*** WARNING C322 IN LINE 351 OF .\Source\ucos_ii.h: unknown identifier
*** WARNING C322 IN LINE 351 OF .\Source\ucos_ii.h: unknown identifier
*** WARNING C322 IN LINE 351 OF .\Source\ucos_ii.h: unknown identifier
*** WARNING C322 IN LINE 351 OF .\Source\ucos_ii.h: unknown identifier
*** WARNING C322 IN LINE 351 OF .\Source\ucos_ii.h: unknown identifier
*** WARNING C322 IN LINE 351 OF .\Source\ucos_ii.h: unknown identifier
*** WARNING C322 IN LINE 372 OF .\Source\ucos_ii.h: unknown identifier
*** WARNING C322 IN LINE 372 OF .\Source\ucos_ii.h: unknown identifier
*** WARNING C322 IN LINE 419 OF .\Source\ucos_ii.h: unknown identifier
*** WARNING C322 IN LINE 433 OF .\Source\ucos_ii.h: unknown identifier
*** WARNING C322 IN LINE 433 OF .\Source\ucos_ii.h: unknown identifier
*** WARNING C322 IN LINE 463 OF .\Source\ucos_ii.h: unknown identifier
*** WARNING C322 IN LINE 479 OF .\Source\ucos_ii.h: unknown identifier
*** WARNING C322 IN LINE 506 OF .\Source\ucos_ii.h: unknown identifier
*** WARNING C322 IN LINE 520 OF .\Source\ucos_ii.h: unknown identifier
*** WARNING C322 IN LINE 537 OF .\Source\ucos_ii.h: unknown identifier
*** WARNING C322 IN LINE 548 OF .\Source\ucos_ii.h: unknown identifier
*** WARNING C322 IN LINE 548 OF .\Source\ucos_ii.h: unknown identifier
*** WARNING C322 IN LINE 548 OF .\Source\ucos_ii.h: unknown identifier
*** WARNING C322 IN LINE 548 OF .\Source\ucos_ii.h: unknown identifier
*** WARNING C322 IN LINE 548 OF .\Source\ucos_ii.h: unknown identifier
*** WARNING C322 IN LINE 552 OF .\Source\ucos_ii.h: unknown identifier
*** WARNING C322 IN LINE 552 OF .\Source\ucos_ii.h: unknown identifier
C51 COMPILER V9.51   OS_DBG_R                                                              02/25/2015 10:39:15 PAGE 2   

*** WARNING C322 IN LINE 552 OF .\Source\ucos_ii.h: unknown identifier
*** WARNING C322 IN LINE 552 OF .\Source\ucos_ii.h: unknown identifier
*** WARNING C322 IN LINE 552 OF .\Source\ucos_ii.h: unknown identifier
*** WARNING C322 IN LINE 552 OF .\Source\ucos_ii.h: unknown identifier
*** WARNING C322 IN LINE 556 OF .\Source\ucos_ii.h: unknown identifier
*** WARNING C322 IN LINE 556 OF .\Source\ucos_ii.h: unknown identifier
*** WARNING C322 IN LINE 556 OF .\Source\ucos_ii.h: unknown identifier
*** WARNING C322 IN LINE 560 OF .\Source\ucos_ii.h: unknown identifier
*** WARNING C322 IN LINE 560 OF .\Source\ucos_ii.h: unknown identifier
*** WARNING C322 IN LINE 577 OF .\Source\ucos_ii.h: unknown identifier
*** WARNING C322 IN LINE 581 OF .\Source\ucos_ii.h: unknown identifier
*** WARNING C322 IN LINE 589 OF .\Source\ucos_ii.h: unknown identifier
*** WARNING C322 IN LINE 593 OF .\Source\ucos_ii.h: unknown identifier
*** WARNING C322 IN LINE 605 OF .\Source\ucos_ii.h: unknown identifier
*** WARNING C322 IN LINE 646 OF .\Source\ucos_ii.h: unknown identifier
*** WARNING C322 IN LINE 646 OF .\Source\ucos_ii.h: unknown identifier
*** WARNING C322 IN LINE 646 OF .\Source\ucos_ii.h: unknown identifier
*** WARNING C322 IN LINE 646 OF .\Source\ucos_ii.h: unknown identifier
*** WARNING C322 IN LINE 646 OF .\Source\ucos_ii.h: unknown identifier
*** WARNING C322 IN LINE 646 OF .\Source\ucos_ii.h: unknown identifier
*** WARNING C322 IN LINE 651 OF .\Source\ucos_ii.h: unknown identifier
*** WARNING C322 IN LINE 651 OF .\Source\ucos_ii.h: unknown identifier
*** WARNING C322 IN LINE 656 OF .\Source\ucos_ii.h: unknown identifier
*** ERROR C202 IN LINE 672 OF .\Source\ucos_ii.h: 'OS_LOWEST_PRIO': undefined identifier
*** ERROR C136 IN LINE 672 OF .\Source\ucos_ii.h: invalid dimension size: [0]
*** ERROR C202 IN LINE 684 OF .\Source\ucos_ii.h: 'OS_TASK_IDLE_STK_SIZE': undefined identifier
*** ERROR C136 IN LINE 684 OF .\Source\ucos_ii.h: invalid dimension size: [0]
*** ERROR C202 IN LINE 691 OF .\Source\ucos_ii.h: 'OS_LOWEST_PRIO': undefined identifier
*** ERROR C136 IN LINE 691 OF .\Source\ucos_ii.h: invalid dimension size: [0]
*** ERROR C202 IN LINE 692 OF .\Source\ucos_ii.h: 'OS_MAX_TASKS': undefined identifier
*** ERROR C136 IN LINE 692 OF .\Source\ucos_ii.h: invalid dimension size: [0]
*** WARNING C322 IN LINE 694 OF .\Source\ucos_ii.h: unknown identifier
*** WARNING C322 IN LINE 698 OF .\Source\ucos_ii.h: unknown identifier
*** WARNING C322 IN LINE 698 OF .\Source\ucos_ii.h: unknown identifier
*** WARNING C322 IN LINE 703 OF .\Source\ucos_ii.h: unknown identifier
*** WARNING C322 IN LINE 703 OF .\Source\ucos_ii.h: unknown identifier
*** WARNING C322 IN LINE 708 OF .\Source\ucos_ii.h: unknown identifier
*** WARNING C322 IN LINE 712 OF .\Source\ucos_ii.h: unknown identifier
*** WARNING C322 IN LINE 743 OF .\Source\ucos_ii.h: unknown identifier
*** WARNING C322 IN LINE 743 OF .\Source\ucos_ii.h: unknown identifier
*** WARNING C322 IN LINE 743 OF .\Source\ucos_ii.h: unknown identifier
*** WARNING C322 IN LINE 743 OF .\Source\ucos_ii.h: unknown identifier
*** WARNING C322 IN LINE 743 OF .\Source\ucos_ii.h: unknown identifier
*** WARNING C322 IN LINE 771 OF .\Source\ucos_ii.h: unknown identifier
*** WARNING C322 IN LINE 771 OF .\Source\ucos_ii.h: unknown identifier
*** WARNING C322 IN LINE 823 OF .\Source\ucos_ii.h: unknown identifier
*** WARNING C322 IN LINE 870 OF .\Source\ucos_ii.h: unknown identifier
*** WARNING C322 IN LINE 870 OF .\Source\ucos_ii.h: unknown identifier
*** WARNING C322 IN LINE 904 OF .\Source\ucos_ii.h: unknown identifier
*** WARNING C322 IN LINE 940 OF .\Source\ucos_ii.h: unknown identifier
*** WARNING C322 IN LINE 940 OF .\Source\ucos_ii.h: unknown identifier
*** WARNING C322 IN LINE 999 OF .\Source\ucos_ii.h: unknown identifier
*** WARNING C322 IN LINE 1044 OF .\Source\ucos_ii.h: unknown identifier
*** WARNING C322 IN LINE 1049 OF .\Source\ucos_ii.h: unknown identifier
*** WARNING C322 IN LINE 1056 OF .\Source\ucos_ii.h: unknown identifier
*** WARNING C322 IN LINE 1068 OF .\Source\ucos_ii.h: unknown identifier
*** WARNING C322 IN LINE 1073 OF .\Source\ucos_ii.h: unknown identifier
*** WARNING C322 IN LINE 1083 OF .\Source\ucos_ii.h: unknown identifier
*** WARNING C322 IN LINE 1088 OF .\Source\ucos_ii.h: unknown identifier
*** WARNING C322 IN LINE 1088 OF .\Source\ucos_ii.h: unknown identifier
*** WARNING C322 IN LINE 1093 OF .\Source\ucos_ii.h: unknown identifier
*** WARNING C322 IN LINE 1100 OF .\Source\ucos_ii.h: unknown identifier
C51 COMPILER V9.51   OS_DBG_R                                                              02/25/2015 10:39:15 PAGE 3   

*** WARNING C322 IN LINE 1120 OF .\Source\ucos_ii.h: unknown identifier
*** WARNING C322 IN LINE 1127 OF .\Source\ucos_ii.h: unknown identifier
*** WARNING C322 IN LINE 1131 OF .\Source\ucos_ii.h: unknown identifier
*** WARNING C322 IN LINE 1144 OF .\Source\ucos_ii.h: unknown identifier
*** WARNING C322 IN LINE 1193 OF .\Source\ucos_ii.h: unknown identifier
*** WARNING C322 IN LINE 1212 OF .\Source\ucos_ii.h: unknown identifier
*** WARNING C322 IN LINE 1216 OF .\Source\ucos_ii.h: unknown identifier
*** WARNING C322 IN LINE 1216 OF .\Source\ucos_ii.h: unknown identifier
*** WARNING C322 IN LINE 1216 OF .\Source\ucos_ii.h: unknown identifier
*** WARNING C322 IN LINE 1216 OF .\Source\ucos_ii.h: unknown identifier
*** WARNING C322 IN LINE 1216 OF .\Source\ucos_ii.h: unknown identifier
*** WARNING C322 IN LINE 1237 OF .\Source\ucos_ii.h: unknown identifier
*** WARNING C322 IN LINE 1237 OF .\Source\ucos_ii.h: unknown identifier
*** WARNING C322 IN LINE 1249 OF .\Source\ucos_ii.h: unknown identifier
*** WARNING C322 IN LINE 1249 OF .\Source\ucos_ii.h: unknown identifier
*** WARNING C322 IN LINE 1253 OF .\Source\ucos_ii.h: unknown identifier
*** WARNING C322 IN LINE 1259 OF .\Source\ucos_ii.h: unknown identifier
*** WARNING C322 IN LINE 1259 OF .\Source\ucos_ii.h: unknown identifier
*** WARNING C322 IN LINE 1259 OF .\Source\ucos_ii.h: unknown identifier
*** WARNING C322 IN LINE 1259 OF .\Source\ucos_ii.h: unknown identifier
*** WARNING C322 IN LINE 1267 OF .\Source\ucos_ii.h: unknown identifier
*** WARNING C322 IN LINE 1271 OF .\Source\ucos_ii.h: unknown identifier
*** WARNING C322 IN LINE 1271 OF .\Source\ucos_ii.h: unknown identifier
*** WARNING C322 IN LINE 1277 OF .\Source\ucos_ii.h: unknown identifier
*** WARNING C322 IN LINE 1277 OF .\Source\ucos_ii.h: unknown identifier
*** WARNING C322 IN LINE 1289 OF .\Source\ucos_ii.h: unknown identifier
*** WARNING C322 IN LINE 1301 OF .\Source\ucos_ii.h: unknown identifier
*** WARNING C322 IN LINE 1321 OF .\Source\ucos_ii.h: unknown identifier
*** WARNING C322 IN LINE 1327 OF .\Source\ucos_ii.h: unknown identifier
*** WARNING C322 IN LINE 1339 OF .\Source\ucos_ii.h: unknown identifier
*** ERROR C320 IN LINE 1393 OF .\Source\ucos_ii.h: "OS_CFG.H, Missing OS_FLAG_EN: Enable (1) or Disable (0) code generat
             -ion for Event Flags"
*** ERROR C320 IN LINE 1435 OF .\Source\ucos_ii.h: "OS_CFG.H, Missing OS_MBOX_EN: Enable (1) or Disable (0) code generat
             -ion for MAILBOXES"
*** ERROR C320 IN LINE 1469 OF .\Source\ucos_ii.h: "OS_CFG.H, Missing OS_MEM_EN: Enable (1) or Disable (0) code generati
             -on for MEMORY MANAGER"
*** ERROR C320 IN LINE 1495 OF .\Source\ucos_ii.h: "OS_CFG.H, Missing OS_MUTEX_EN: Enable (1) or Disable (0) code genera
             -tion for MUTEX"
*** ERROR C320 IN LINE 1517 OF .\Source\ucos_ii.h: "OS_CFG.H, Missing OS_Q_EN: Enable (1) or Disable (0) code generation
             - for QUEUES"
*** ERROR C320 IN LINE 1567 OF .\Source\ucos_ii.h: "OS_CFG.H, Missing OS_SEM_EN: Enable (1) or Disable (0) code generati
             -on for SEMAPHORES"
*** ERROR C320 IN LINE 1597 OF .\Source\ucos_ii.h: "OS_CFG.H, Missing OS_MAX_TASKS: Max. number of tasks in your applica
             -tion"
*** WARNING C322 IN LINE 1609 OF .\Source\ucos_ii.h: unknown identifier
*** ERROR C320 IN LINE 1614 OF .\Source\ucos_ii.h: "OS_CFG.H, Missing OS_TASK_IDLE_STK_SIZE: Idle task stack size"
*** ERROR C320 IN LINE 1618 OF .\Source\ucos_ii.h: "OS_CFG.H, Missing OS_TASK_STAT_EN: Enable (1) or Disable(0) the stat
             -istics task"
*** ERROR C320 IN LINE 1622 OF .\Source\ucos_ii.h: "OS_CFG.H, Missing OS_TASK_STAT_STK_SIZE: Statistics task stack size"
*** ERROR C320 IN LINE 1626 OF .\Source\ucos_ii.h: "OS_CFG.H, Missing OS_TASK_STAT_STK_CHK_EN: Check task stacks from st
             -atistics task"
*** ERROR C320 IN LINE 1630 OF .\Source\ucos_ii.h: "OS_CFG.H, Missing OS_TASK_CHANGE_PRIO_EN: Include code for OSTaskCha
             -ngePrio()"
*** ERROR C320 IN LINE 1634 OF .\Source\ucos_ii.h: "OS_CFG.H, Missing OS_TASK_CREATE_EN: Include code for OSTaskCreate()
             -"
*** ERROR C320 IN LINE 1638 OF .\Source\ucos_ii.h: "OS_CFG.H, Missing OS_TASK_CREATE_EXT_EN: Include code for OSTaskCrea
             -teExt()"
*** ERROR C320 IN LINE 1642 OF .\Source\ucos_ii.h: "OS_CFG.H, Missing OS_TASK_DEL_EN: Include code for OSTaskDel()"
*** ERROR C320 IN LINE 1646 OF .\Source\ucos_ii.h: "OS_CFG.H, Missing OS_TASK_NAME_EN: Enable task names"
*** ERROR C320 IN LINE 1650 OF .\Source\ucos_ii.h: "OS_CFG.H, Missing OS_TASK_SUSPEND_EN: Include code for OSTaskSuspend
             -() and OSTaskResume()"
*** ERROR C320 IN LINE 1654 OF .\Source\ucos_ii.h: "OS_CFG.H, Missing OS_TASK_QUERY_EN: Include code for OSTaskQuery()"
C51 COMPILER V9.51   OS_DBG_R                                                              02/25/2015 10:39:15 PAGE 4   

*** ERROR C320 IN LINE 1658 OF .\Source\ucos_ii.h: "OS_CFG.H, Missing OS_TASK_REG_TBL_SIZE: Include code for task specif
             -ic registers"
*** ERROR C320 IN LINE 1672 OF .\Source\ucos_ii.h: "OS_CFG.H, Missing OS_TICKS_PER_SEC: Sets the number of ticks in one 
             -second"
*** ERROR C320 IN LINE 1676 OF .\Source\ucos_ii.h: "OS_CFG.H, Missing OS_TIME_DLY_HMSM_EN: Include code for OSTimeDlyHMS
             -M()"
*** ERROR C320 IN LINE 1680 OF .\Source\ucos_ii.h: "OS_CFG.H, Missing OS_TIME_DLY_RESUME_EN: Include code for OSTimeDlyR
             -esume()"
*** ERROR C320 IN LINE 1684 OF .\Source\ucos_ii.h: "OS_CFG.H, Missing OS_TIME_GET_SET_EN: Include code for OSTimeGet() a
             -nd OSTimeSet()"
*** ERROR C320 IN LINE 1694 OF .\Source\ucos_ii.h: "OS_CFG.H, Missing OS_TMR_EN: When (1) enables code generation for Ti
             -mer Management"
*** ERROR C320 IN LINE 1746 OF .\Source\ucos_ii.h: "OS_CFG.H, Missing OS_ARG_CHK_EN: Enable (1) or Disable (0) argument 
             -checking"
*** ERROR C320 IN LINE 1751 OF .\Source\ucos_ii.h: "OS_CFG.H, Missing OS_CPU_HOOKS_EN: uC/OS-II hooks are found in the p
             -rocessor port files when 1"
*** ERROR C320 IN LINE 1756 OF .\Source\ucos_ii.h: "OS_CFG.H, Missing OS_APP_HOOKS_EN: Application-defined hooks are cal
             -led from the uC/OS-II hooks"
*** ERROR C320 IN LINE 1761 OF .\Source\ucos_ii.h: "OS_CFG.H, Missing OS_DEBUG_EN: Allows you to include variables for d
             -ebugging or not"
*** ERROR C320 IN LINE 1766 OF .\Source\ucos_ii.h: "OS_CFG.H, Missing OS_LOWEST_PRIO: Defines the lowest priority that c
             -an be assigned"
*** ERROR C320 IN LINE 1771 OF .\Source\ucos_ii.h: "OS_CFG.H, Missing OS_MAX_EVENTS: Max. number of event control blocks
             - in your application"
*** ERROR C320 IN LINE 1780 OF .\Source\ucos_ii.h: "OS_CFG.H, Missing OS_SCHED_LOCK_EN: Include code for OSSchedLock() a
             -nd OSSchedUnlock()"
*** ERROR C320 IN LINE 1785 OF .\Source\ucos_ii.h: "OS_CFG.H, Missing OS_EVENT_MULTI_EN: Include code for OSEventPendMul
             -ti()"
*** ERROR C320 IN LINE 1790 OF .\Source\ucos_ii.h: "OS_CFG.H, Missing OS_TASK_PROFILE_EN: Include data structure for run
             --time task profiling"
*** ERROR C320 IN LINE 1795 OF .\Source\ucos_ii.h: "OS_CFG.H, Missing OS_TASK_SW_HOOK_EN: Allows you to include the code
             - for OSTaskSwHook() or not"
*** ERROR C320 IN LINE 1800 OF .\Source\ucos_ii.h: "OS_CFG.H, Missing OS_TICK_STEP_EN: Allows to 'step' one tick at a ti
             -me with uC/OS-View"
*** ERROR C320 IN LINE 1805 OF .\Source\ucos_ii.h: "OS_CFG.H, Missing OS_TIME_TICK_HOOK_EN: Allows you to include the co
             -de for OSTimeTickHook() or not"
  25          
  26          /*
  27          *********************************************************************************************************
  28          *                                             DEBUG DATA
  29          *********************************************************************************************************
  30          */
  31          
  32          INT16U  const  OSDebugEn           = OS_DEBUG_EN;               /* Debug constants are defined below   */
*** ERROR C202 IN LINE 32 OF Source\os_dbg_r.c: 'OS_DEBUG_EN': undefined identifier
  33          
  34          #if OS_DEBUG_EN > 0u
*** WARNING C322 IN LINE 34 OF Source\os_dbg_r.c: unknown identifier
              
              INT32U  const  OSEndiannessTest    = 0x12345678uL;              /* Variable to test CPU endianness     */
              
              INT16U  const  OSEventEn           = OS_EVENT_EN;
              INT16U  const  OSEventMax          = OS_MAX_EVENTS;             /* Number of event control blocks      */
              INT16U  const  OSEventNameEn       = OS_EVENT_NAME_EN;
              #if (OS_EVENT_EN) && (OS_MAX_EVENTS > 0u)
              INT16U  const  OSEventSize         = sizeof(OS_EVENT);          /* Size in Bytes of OS_EVENT           */
              INT16U  const  OSEventTblSize      = sizeof(OSEventTbl);        /* Size of OSEventTbl[] in bytes       */
              #else
              INT16U  const  OSEventSize         = 0u;
              INT16U  const  OSEventTblSize      = 0u;
              #endif
              INT16U  const  OSEventMultiEn      = OS_EVENT_MULTI_EN;
C51 COMPILER V9.51   OS_DBG_R                                                              02/25/2015 10:39:15 PAGE 5   

              
              
              INT16U  const  OSFlagEn            = OS_FLAG_EN;
              #if (OS_FLAG_EN > 0u) && (OS_MAX_FLAGS > 0u)
              INT16U  const  OSFlagGrpSize       = sizeof(OS_FLAG_GRP);       /* Size in Bytes of OS_FLAG_GRP        */
              INT16U  const  OSFlagNodeSize      = sizeof(OS_FLAG_NODE);      /* Size in Bytes of OS_FLAG_NODE       */
              INT16U  const  OSFlagWidth         = sizeof(OS_FLAGS);          /* Width (in bytes) of OS_FLAGS        */
              #else
              INT16U  const  OSFlagGrpSize       = 0u;
              INT16U  const  OSFlagNodeSize      = 0u;
              INT16U  const  OSFlagWidth         = 0u;
              #endif
              INT16U  const  OSFlagMax           = OS_MAX_FLAGS;
              INT16U  const  OSFlagNameEn        = OS_FLAG_NAME_EN;
              
              INT16U  const  OSLowestPrio        = OS_LOWEST_PRIO;
              
              INT16U  const  OSMboxEn            = OS_MBOX_EN;
              
              INT16U  const  OSMemEn             = OS_MEM_EN;
              INT16U  const  OSMemMax            = OS_MAX_MEM_PART;           /* Number of memory partitions         */
              INT16U  const  OSMemNameEn         = OS_MEM_NAME_EN;
              #if (OS_MEM_EN > 0u) && (OS_MAX_MEM_PART > 0u)
              INT16U  const  OSMemSize           = sizeof(OS_MEM);            /* Mem. Partition header sine (bytes)  */
              INT16U  const  OSMemTblSize        = sizeof(OSMemTbl);
              #else
              INT16U  const  OSMemSize           = 0u;
              INT16U  const  OSMemTblSize        = 0u;
              #endif
              INT16U  const  OSMutexEn           = OS_MUTEX_EN;
              
              INT16U  const  OSPtrSize           = sizeof(void *);            /* Size in Bytes of a pointer          */
              
              INT16U  const  OSQEn               = OS_Q_EN;
              INT16U  const  OSQMax              = OS_MAX_QS;                 /* Number of queues                    */
              #if (OS_Q_EN > 0u) && (OS_MAX_QS > 0u)
              INT16U  const  OSQSize             = sizeof(OS_Q);              /* Size in bytes of OS_Q structure     */
              #else
              INT16U  const  OSQSize             = 0u;
              #endif
              
              INT16U  const  OSRdyTblSize        = OS_RDY_TBL_SIZE;           /* Number of bytes in the ready table  */
              
              INT16U  const  OSSemEn             = OS_SEM_EN;
              
              INT16U  const  OSStkWidth          = sizeof(OS_STK);            /* Size in Bytes of a stack entry      */
              
              INT16U  const  OSTaskCreateEn      = OS_TASK_CREATE_EN;
              INT16U  const  OSTaskCreateExtEn   = OS_TASK_CREATE_EXT_EN;
              INT16U  const  OSTaskDelEn         = OS_TASK_DEL_EN;
              INT16U  const  OSTaskIdleStkSize   = OS_TASK_IDLE_STK_SIZE;
              INT16U  const  OSTaskProfileEn     = OS_TASK_PROFILE_EN;
              INT16U  const  OSTaskMax           = OS_MAX_TASKS + OS_N_SYS_TASKS; /* Total max. number of tasks      */
              INT16U  const  OSTaskNameEn        = OS_TASK_NAME_EN;  
              INT16U  const  OSTaskStatEn        = OS_TASK_STAT_EN;
              INT16U  const  OSTaskStatStkSize   = OS_TASK_STAT_STK_SIZE;
              INT16U  const  OSTaskStatStkChkEn  = OS_TASK_STAT_STK_CHK_EN;
              INT16U  const  OSTaskSwHookEn      = OS_TASK_SW_HOOK_EN;
              INT16U  const  OSTaskRegTblSize    = OS_TASK_REG_TBL_SIZE;
              
              INT16U  const  OSTCBPrioTblMax     = OS_LOWEST_PRIO + 1u;       /* Number of entries in OSTCBPrioTbl[] */
              INT16U  const  OSTCBSize           = sizeof(OS_TCB);            /* Size in Bytes of OS_TCB             */
C51 COMPILER V9.51   OS_DBG_R                                                              02/25/2015 10:39:15 PAGE 6   

              INT16U  const  OSTicksPerSec       = OS_TICKS_PER_SEC;
              INT16U  const  OSTimeTickHookEn    = OS_TIME_TICK_HOOK_EN;
              INT16U  const  OSVersionNbr        = OS_VERSION;
              
              INT16U  const  OSTmrEn             = OS_TMR_EN;
              INT16U  const  OSTmrCfgMax         = OS_TMR_CFG_MAX;
              INT16U  const  OSTmrCfgNameEn      = OS_TMR_CFG_NAME_EN;
              INT16U  const  OSTmrCfgWheelSize   = OS_TMR_CFG_WHEEL_SIZE;
              INT16U  const  OSTmrCfgTicksPerSec = OS_TMR_CFG_TICKS_PER_SEC;
              
              #if (OS_TMR_EN > 0u) && (OS_TMR_CFG_MAX > 0u)
              INT16U  const  OSTmrSize           = sizeof(OS_TMR);
              INT16U  const  OSTmrTblSize        = sizeof(OSTmrTbl);
              INT16U  const  OSTmrWheelSize      = sizeof(OS_TMR_WHEEL);
              INT16U  const  OSTmrWheelTblSize   = sizeof(OSTmrWheelTbl);
              #else
              INT16U  const  OSTmrSize           = 0u;
              INT16U  const  OSTmrTblSize        = 0u;
              INT16U  const  OSTmrWheelSize      = 0u;
              INT16U  const  OSTmrWheelTblSize   = 0u;
              #endif
              
              #endif
 134          
 135          /*$PAGE*/
 136          /*
 137          *********************************************************************************************************
 138          *                                             DEBUG DATA
 139          *                            TOTAL DATA SPACE (i.e. RAM) USED BY uC/OS-II
 140          *********************************************************************************************************
 141          */
 142          #if OS_DEBUG_EN > 0u
*** WARNING C322 IN LINE 142 OF Source\os_dbg_r.c: unknown identifier
              
              INT16U  const  OSDataSize = sizeof(OSCtxSwCtr)
              #if (OS_EVENT_EN) && (OS_MAX_EVENTS > 0u)
                                        + sizeof(OSEventFreeList)
                                        + sizeof(OSEventTbl)
              #endif
              #if (OS_FLAG_EN > 0u) && (OS_MAX_FLAGS > 0u)
                                        + sizeof(OSFlagTbl)
                                        + sizeof(OSFlagFreeList)
              #endif
              #if OS_TASK_STAT_EN > 0u
                                        + sizeof(OSCPUUsage)
                                        + sizeof(OSIdleCtrMax)
                                        + sizeof(OSIdleCtrRun)
                                        + sizeof(OSStatRdy)
                                        + sizeof(OSTaskStatStk)
              #endif
              #if OS_TICK_STEP_EN > 0u
                                        + sizeof(OSTickStepState)
              #endif
              #if (OS_MEM_EN > 0u) && (OS_MAX_MEM_PART > 0u)
                                        + sizeof(OSMemFreeList)
                                        + sizeof(OSMemTbl)
              #endif
              #if (OS_Q_EN > 0u) && (OS_MAX_QS > 0u)
                                        + sizeof(OSQFreeList)
                                        + sizeof(OSQTbl)
              #endif
              #if OS_TIME_GET_SET_EN > 0u   
C51 COMPILER V9.51   OS_DBG_R                                                              02/25/2015 10:39:15 PAGE 7   

                                        + sizeof(OSTime)
              #endif
              #if (OS_TMR_EN > 0u) && (OS_TMR_CFG_MAX > 0u)
                                        + sizeof(OSTmrFree)
                                        + sizeof(OSTmrUsed)
                                        + sizeof(OSTmrTime)
                                        + sizeof(OSTmrSem)
                                        + sizeof(OSTmrSemSignal)
                                        + sizeof(OSTmrTbl)
                                        + sizeof(OSTmrFreeList)
                                        + sizeof(OSTmrTaskStk)
                                        + sizeof(OSTmrWheelTbl)
              #endif
                                        + sizeof(OSIntNesting)
                                        + sizeof(OSLockNesting)
                                        + sizeof(OSPrioCur)
                                        + sizeof(OSPrioHighRdy)
                                        + sizeof(OSRdyGrp)
                                        + sizeof(OSRdyTbl)
                                        + sizeof(OSRunning)
                                        + sizeof(OSTaskCtr)
                                        + sizeof(OSIdleCtr)
                                        + sizeof(OSTaskIdleStk)
                                        + sizeof(OSTCBCur)
                                        + sizeof(OSTCBFreeList)
                                        + sizeof(OSTCBHighRdy)
                                        + sizeof(OSTCBList)
                                        + sizeof(OSTCBPrioTbl)
                                        + sizeof(OSTCBTbl);
              
              #endif
 203          
 204          /*$PAGE*/
 205          /*
 206          *********************************************************************************************************
 207          *                                        OS DEBUG INITIALIZATION
 208          *
 209          * Description: This function is used to make sure that debug variables that are unused in the application
 210          *              are not optimized away.  This function might not be necessary for all compilers.  In this
 211          *              case, you should simply DELETE the code in this function while still leaving the declaratio
             -n
 212          *              of the function itself.
 213          *
 214          * Arguments  : none
 215          *
 216          * Returns    : none
 217          *
 218          * Note(s)    : (1) This code doesn't do anything, it simply prevents the compiler from optimizing out
 219          *                  the 'const' variables which are declared in this file.
 220          *              (2) You may decide to 'compile out' the code (by using #if 0/#endif) INSIDE the function 
 221          *                  if your compiler DOES NOT optimize out the 'const' variables above.
 222          *********************************************************************************************************
 223          */
 224          
 225          #if OS_DEBUG_EN > 0u
*** WARNING C322 IN LINE 225 OF Source\os_dbg_r.c: unknown identifier
              void  OSDebugInit (void)
              {
                  void  const  *ptemp;
              
              
                  ptemp = (void const *)&OSDebugEn;
C51 COMPILER V9.51   OS_DBG_R                                                              02/25/2015 10:39:15 PAGE 8   

              
                  ptemp = (void const *)&OSEndiannessTest;
              
                  ptemp = (void const *)&OSEventMax;
                  ptemp = (void const *)&OSEventNameEn;
                  ptemp = (void const *)&OSEventEn;
                  ptemp = (void const *)&OSEventSize;
                  ptemp = (void const *)&OSEventTblSize;
                  ptemp = (void const *)&OSEventMultiEn;
              
                  ptemp = (void const *)&OSFlagEn;
                  ptemp = (void const *)&OSFlagGrpSize;
                  ptemp = (void const *)&OSFlagNodeSize;
                  ptemp = (void const *)&OSFlagWidth;
                  ptemp = (void const *)&OSFlagMax;
                  ptemp = (void const *)&OSFlagNameEn;
              
                  ptemp = (void const *)&OSLowestPrio;
              
                  ptemp = (void const *)&OSMboxEn;
              
                  ptemp = (void const *)&OSMemEn;
                  ptemp = (void const *)&OSMemMax;
                  ptemp = (void const *)&OSMemNameEn;
                  ptemp = (void const *)&OSMemSize;
                  ptemp = (void const *)&OSMemTblSize;
              
                  ptemp = (void const *)&OSMutexEn;
              
                  ptemp = (void const *)&OSPtrSize;
              
                  ptemp = (void const *)&OSQEn;
                  ptemp = (void const *)&OSQMax;
                  ptemp = (void const *)&OSQSize;
              
                  ptemp = (void const *)&OSRdyTblSize;
              
                  ptemp = (void const *)&OSSemEn;
              
                  ptemp = (void const *)&OSStkWidth;
              
                  ptemp = (void const *)&OSTaskCreateEn;
                  ptemp = (void const *)&OSTaskCreateExtEn;
                  ptemp = (void const *)&OSTaskDelEn;
                  ptemp = (void const *)&OSTaskIdleStkSize;
                  ptemp = (void const *)&OSTaskProfileEn;
                  ptemp = (void const *)&OSTaskMax;
                  ptemp = (void const *)&OSTaskNameEn;
                  ptemp = (void const *)&OSTaskStatEn;
                  ptemp = (void const *)&OSTaskStatStkSize;
                  ptemp = (void const *)&OSTaskStatStkChkEn;
                  ptemp = (void const *)&OSTaskSwHookEn;
              
                  ptemp = (void const *)&OSTCBPrioTblMax;
                  ptemp = (void const *)&OSTCBSize;
              
                  ptemp = (void const *)&OSTicksPerSec;
                  ptemp = (void const *)&OSTimeTickHookEn;
              
              #if OS_TMR_EN > 0u
                  ptemp = (void const *)&OSTmrTbl[0];
                  ptemp = (void const *)&OSTmrWheelTbl[0];
C51 COMPILER V9.51   OS_DBG_R                                                              02/25/2015 10:39:15 PAGE 9   

                  
                  ptemp = (void const *)&OSTmrEn;
                  ptemp = (void const *)&OSTmrCfgMax;
                  ptemp = (void const *)&OSTmrCfgNameEn;
                  ptemp = (void const *)&OSTmrCfgWheelSize;
                  ptemp = (void const *)&OSTmrCfgTicksPerSec;
                  ptemp = (void const *)&OSTmrSize;
                  ptemp = (void const *)&OSTmrTblSize;
              
                  ptemp = (void const *)&OSTmrWheelSize;
                  ptemp = (void const *)&OSTmrWheelTblSize;
              #endif
              
                  ptemp = (void const *)&OSVersionNbr;
              
                  ptemp = (void const *)&OSDataSize;
              
                  ptemp = ptemp;                             /* Prevent compiler warning for 'ptemp' not being used! */
              }
              #endif
 314                                                                                                                                                       
             -                                                                                

C51 COMPILATION COMPLETE.  117 WARNING(S),  45 ERROR(S)
