C51 COMPILER V9.51   UCOS_II                                                               02/25/2015 10:26:14 PAGE 1   


C51 COMPILER V9.51, COMPILATION OF MODULE UCOS_II
OBJECT MODULE PLACED IN .\Output\ucos_ii.obj
COMPILER INVOKED BY: D:\Keil\C51\BIN\C51.EXE Source\ucos_ii.c BROWSE DEBUG OBJECTEXTEND PRINT(.\List\ucos_ii.lst) TABS(2
                    -) OBJECT(.\Output\ucos_ii.obj)

line level    source

   1          /*
   2          *********************************************************************************************************
   3          *                                                uC/OS-II
   4          *                                          The Real-Time Kernel
   5          *
   6          *                              (c) Copyright 1992-2009, Micrium, Weston, FL
   7          *                                           All Rights Reserved
   8          *
   9          * File    : uCOS_II.C
  10          * By      : Jean J. Labrosse
  11          * Version : V2.91
  12          *
  13          * LICENSING TERMS:
  14          * ---------------
  15          *   uC/OS-II is provided in source form for FREE evaluation, for educational use or for peaceful research.
             -  
  16          * If you plan on using  uC/OS-II  in a commercial product you need to contact Micriµm to properly license 
  17          * its use in your product. We provide ALL the source code for your convenience and to help you experience 
  18          * uC/OS-II.   The fact that the  source is provided does  NOT  mean that you can use it without  paying a 
  19          * licensing fee.
  20          *********************************************************************************************************
  21          */
  22          
  23          #define  OS_GLOBALS                           /* Declare GLOBAL variables                              */
  24          #include <ucos_ii.h>
*** WARNING C318 IN LINE 24 OF Source\ucos_ii.c: can't open file 'ucos_ii.h'
  25          
  26          
  27          #define  OS_MASTER_FILE                       /* Prevent the following files from including includes.h */
  28          #include <os_core.c>
*** WARNING C318 IN LINE 28 OF Source\ucos_ii.c: can't open file 'os_core.c'
  29          #include <os_flag.c>
*** WARNING C318 IN LINE 29 OF Source\ucos_ii.c: can't open file 'os_flag.c'
  30          #include <os_mbox.c>
*** WARNING C318 IN LINE 30 OF Source\ucos_ii.c: can't open file 'os_mbox.c'
  31          #include <os_mem.c>
*** WARNING C318 IN LINE 31 OF Source\ucos_ii.c: can't open file 'os_mem.c'
  32          #include <os_mutex.c>
*** WARNING C318 IN LINE 32 OF Source\ucos_ii.c: can't open file 'os_mutex.c'
  33          #include <os_q.c>
*** WARNING C318 IN LINE 33 OF Source\ucos_ii.c: can't open file 'os_q.c'
  34          #include <os_sem.c>
*** WARNING C318 IN LINE 34 OF Source\ucos_ii.c: can't open file 'os_sem.c'
  35          #include <os_task.c>
*** WARNING C318 IN LINE 35 OF Source\ucos_ii.c: can't open file 'os_task.c'
  36          #include <os_time.c>
*** WARNING C318 IN LINE 36 OF Source\ucos_ii.c: can't open file 'os_time.c'
  37          #include <os_tmr.c>
*** WARNING C318 IN LINE 37 OF Source\ucos_ii.c: can't open file 'os_tmr.c'
  38                                                                                                                                                       
             -                                                                                


MODULE INFORMATION:   STATIC OVERLAYABLE
C51 COMPILER V9.51   UCOS_II                                                               02/25/2015 10:26:14 PAGE 2   

   CODE SIZE        =   ----    ----
   CONSTANT SIZE    =   ----    ----
   XDATA SIZE       =   ----    ----
   PDATA SIZE       =   ----    ----
   DATA SIZE        =   ----    ----
   IDATA SIZE       =   ----    ----
   BIT SIZE         =   ----    ----
END OF MODULE INFORMATION.


C51 COMPILATION COMPLETE.  11 WARNING(S),  0 ERROR(S)
